
**** Build of configuration Default for project OpenCV Sample - face-detection ****

/ndk-build.cmd 

Cannot run program "/ndk-build.cmd": Unknown reason
Error: Program "/ndk-build.cmd" is not found in PATH

PATH=[/usr/lib/lightdm/lightdm:/usr/local/sbin:/usr/local/bin:/usr/sbin:/usr/bin:/sbin:/bin:/usr/games]

**** Build Finished ****

**** Build of configuration Default for project OpenCV Sample - face-detection ****

/ndk-build.cmd 

Cannot run program "/ndk-build.cmd": Unknown reason
Error: Program "/ndk-build.cmd" is not found in PATH

PATH=[/usr/lib/lightdm/lightdm:/usr/local/sbin:/usr/local/bin:/usr/sbin:/usr/bin:/sbin:/bin:/usr/games]

**** Build Finished ****

**** Build of configuration Default for project OpenCV Sample - face-detection ****

/ndk-build.cmd 

Cannot run program "/ndk-build.cmd": Unknown reason
Error: Program "/ndk-build.cmd" is not found in PATH

PATH=[/usr/lib/lightdm/lightdm:/usr/local/sbin:/usr/local/bin:/usr/sbin:/usr/bin:/sbin:/bin:/usr/games]

**** Build Finished ****

**** Build of configuration Default for project OpenCV Sample - face-detection ****

/ndk-build.cmd 

Cannot run program "/ndk-build.cmd": Unknown reason
Error: Program "/ndk-build.cmd" is not found in PATH

PATH=[/usr/lib/lightdm/lightdm:/usr/local/sbin:/usr/local/bin:/usr/sbin:/usr/bin:/sbin:/bin:/usr/games]

**** Build Finished ****

**** Build of configuration Default for project OpenCV Sample - face-detection ****

/ndk-build.cmd 

Cannot run program "/ndk-build.cmd": Unknown reason
Error: Program "/ndk-build.cmd" is not found in PATH

PATH=[/usr/lib/lightdm/lightdm:/usr/local/sbin:/usr/local/bin:/usr/sbin:/usr/bin:/sbin:/bin:/usr/games]

**** Build Finished ****

**** Build of configuration Default for project OpenCV Sample - face-detection ****

/ndk-build.cmd 

Cannot run program "/ndk-build.cmd": Unknown reason
Error: Program "/ndk-build.cmd" is not found in PATH

PATH=[/usr/lib/lightdm/lightdm:/usr/local/sbin:/usr/local/bin:/usr/sbin:/usr/bin:/sbin:/bin:/usr/games]

**** Build Finished ****

**** Build of configuration Default for project OpenCV Sample - face-detection ****

/ndk-build.cmd 

Cannot run program "/ndk-build.cmd": Unknown reason
Error: Program "/ndk-build.cmd" is not found in PATH

PATH=[/usr/lib/lightdm/lightdm:/usr/local/sbin:/usr/local/bin:/usr/sbin:/usr/bin:/sbin:/bin:/usr/games]

**** Build Finished ****

**** Build of configuration Default for project OpenCV Sample - face-detection ****

/ndk-build.cmd 

Cannot run program "/ndk-build.cmd": Unknown reason
Error: Program "/ndk-build.cmd" is not found in PATH

PATH=[/usr/lib/lightdm/lightdm:/usr/local/sbin:/usr/local/bin:/usr/sbin:/usr/bin:/sbin:/bin:/usr/games]

**** Build Finished ****

**** Build of configuration Default for project OpenCV Sample - face-detection ****

/ndk-build.cmd 

Cannot run program "/ndk-build.cmd": Unknown reason
Error: Program "/ndk-build.cmd" is not found in PATH

PATH=[/usr/lib/lightdm/lightdm:/usr/local/sbin:/usr/local/bin:/usr/sbin:/usr/bin:/sbin:/bin:/usr/games]

**** Build Finished ****

**** Build of configuration Default for project OpenCV Sample - face-detection ****

/ndk-build.cmd 

Cannot run program "/ndk-build.cmd": Unknown reason
Error: Program "/ndk-build.cmd" is not found in PATH

PATH=[/usr/lib/lightdm/lightdm:/usr/local/sbin:/usr/local/bin:/usr/sbin:/usr/bin:/sbin:/bin:/usr/games]

**** Build Finished ****

**** Build of configuration Default for project OpenCV Sample - face-detection ****

/ndk-build.cmd 

Cannot run program "/ndk-build.cmd": Unknown reason
Error: Program "/ndk-build.cmd" is not found in PATH

PATH=[/usr/lib/lightdm/lightdm:/usr/local/sbin:/usr/local/bin:/usr/sbin:/usr/bin:/sbin:/bin:/usr/games]

**** Build Finished ****

**** Build of configuration Default for project OpenCV Sample - face-detection ****

/ndk-build.cmd 

Cannot run program "/ndk-build.cmd": Unknown reason
Error: Program "/ndk-build.cmd" is not found in PATH

PATH=[/usr/lib/lightdm/lightdm:/usr/local/sbin:/usr/local/bin:/usr/sbin:/usr/bin:/sbin:/bin:/usr/games]

**** Build Finished ****

**** Build of configuration Default for project OpenCV Sample - face-detection ****

/ndk-build.cmd 

Cannot run program "/ndk-build.cmd": Unknown reason
Error: Program "/ndk-build.cmd" is not found in PATH

PATH=[/usr/lib/lightdm/lightdm:/usr/local/sbin:/usr/local/bin:/usr/sbin:/usr/bin:/sbin:/bin:/usr/games]

**** Build Finished ****

**** Build of configuration Default for project OpenCV Sample - face-detection ****

/ndk-build.cmd 

Cannot run program "/ndk-build.cmd": Unknown reason
Error: Program "/ndk-build.cmd" is not found in PATH

PATH=[/usr/lib/lightdm/lightdm:/usr/local/sbin:/usr/local/bin:/usr/sbin:/usr/bin:/sbin:/bin:/usr/games]

**** Build Finished ****

**** Build of configuration Default for project OpenCV Sample - face-detection ****

/ndk-build.cmd 

Cannot run program "/ndk-build.cmd": Unknown reason
Error: Program "/ndk-build.cmd" is not found in PATH

PATH=[/usr/lib/lightdm/lightdm:/usr/local/sbin:/usr/local/bin:/usr/sbin:/usr/bin:/sbin:/bin:/usr/games]

**** Build Finished ****

**** Build of configuration Default for project OpenCV Sample - face-detection ****

/ndk-build.cmd 

Cannot run program "/ndk-build.cmd": Unknown reason
Error: Program "/ndk-build.cmd" is not found in PATH

PATH=[/usr/lib/lightdm/lightdm:/usr/local/sbin:/usr/local/bin:/usr/sbin:/usr/bin:/sbin:/bin:/usr/games]

**** Build Finished ****

**** Build of configuration Default for project OpenCV Sample - face-detection ****

/ndk-build.cmd 

Cannot run program "/ndk-build.cmd": Unknown reason
Error: Program "/ndk-build.cmd" is not found in PATH

PATH=[/usr/lib/lightdm/lightdm:/usr/local/sbin:/usr/local/bin:/usr/sbin:/usr/bin:/sbin:/bin:/usr/games]

**** Build Finished ****

**** Build of configuration Default for project OpenCV Sample - face-detection ****

/ndk-build 

Cannot run program "/ndk-build": Unknown reason
Error: Program "/ndk-build" is not found in PATH

PATH=[/usr/lib/lightdm/lightdm:/usr/local/sbin:/usr/local/bin:/usr/sbin:/usr/bin:/sbin:/bin:/usr/games]

**** Build Finished ****

**** Build of configuration Default for project OpenCV Sample - face-detection ****

/ndk-build 

Cannot run program "/ndk-build": Unknown reason
Error: Program "/ndk-build" is not found in PATH

PATH=[/usr/lib/lightdm/lightdm:/usr/local/sbin:/usr/local/bin:/usr/sbin:/usr/bin:/sbin:/bin:/usr/games]

**** Build Finished ****

**** Build of configuration Default for project OpenCV Sample - face-detection ****

/ndk-build 

Cannot run program "/ndk-build": Unknown reason
Error: Program "/ndk-build" is not found in PATH

PATH=[/usr/lib/lightdm/lightdm:/usr/local/sbin:/usr/local/bin:/usr/sbin:/usr/bin:/sbin:/bin:/usr/games]

**** Build Finished ****

**** Build of configuration Default for project OpenCV Sample - face-detection ****

/ndk-build 

Cannot run program "/ndk-build": Unknown reason
Error: Program "/ndk-build" is not found in PATH

PATH=[/usr/lib/lightdm/lightdm:/usr/local/sbin:/usr/local/bin:/usr/sbin:/usr/bin:/sbin:/bin:/usr/games]

**** Build Finished ****

**** Build of configuration Default for project OpenCV Sample - face-detection ****

/ndk-build 

Cannot run program "/ndk-build": Unknown reason
Error: Program "/ndk-build" is not found in PATH

PATH=[/usr/lib/lightdm/lightdm:/usr/local/sbin:/usr/local/bin:/usr/sbin:/usr/bin:/sbin:/bin:/usr/games]

**** Build Finished ****

**** Build of configuration Default for project OpenCV Sample - face-detection ****

/ndk-build 

Cannot run program "/ndk-build": Unknown reason
Error: Program "/ndk-build" is not found in PATH

PATH=[/usr/lib/lightdm/lightdm:/usr/local/sbin:/usr/local/bin:/usr/sbin:/usr/bin:/sbin:/bin:/usr/games]

**** Build Finished ****

**** Build of configuration Default for project OpenCV Sample - face-detection ****

/ndk-build 

Cannot run program "/ndk-build": Unknown reason
Error: Program "/ndk-build" is not found in PATH

PATH=[/usr/lib/lightdm/lightdm:/usr/local/sbin:/usr/local/bin:/usr/sbin:/usr/bin:/sbin:/bin:/usr/games]

**** Build Finished ****

**** Build of configuration Default for project OpenCV Sample - face-detection ****

/ndk-build 

Cannot run program "/ndk-build": Unknown reason
Error: Program "/ndk-build" is not found in PATH

PATH=[/usr/lib/lightdm/lightdm:/usr/local/sbin:/usr/local/bin:/usr/sbin:/usr/bin:/sbin:/bin:/usr/games]

**** Build Finished ****

**** Build of configuration Default for project OpenCV Sample - face-detection ****

/ndk-build 

Cannot run program "/ndk-build": Unknown reason
Error: Program "/ndk-build" is not found in PATH

PATH=[/usr/lib/lightdm/lightdm:/usr/local/sbin:/usr/local/bin:/usr/sbin:/usr/bin:/sbin:/bin:/usr/games]

**** Build Finished ****

**** Build of configuration Default for project OpenCV Sample - face-detection ****

/home/prasad/Desktop/adt-bundle-linux-x86_64-20131030/ndk/ndk-build 
Android NDK: WARNING:jni/Android.mk:detection_based_tracker: non-system libraries in linker flags: -lopencv_java    
Android NDK:     This is likely to result in incorrect builds. Try using LOCAL_STATIC_LIBRARIES    
Android NDK:     or LOCAL_SHARED_LIBRARIES instead to list the library dependencies of the    
Android NDK:     current module    
[armeabi] Install        : libdetection_based_tracker.so => libs/armeabi/libdetection_based_tracker.so

**** Build Finished ****

**** Build of configuration Default for project OpenCV Sample - face-detection ****

/home/prasad/Desktop/adt-bundle-linux-x86_64-20131030/ndk/ndk-build 
Android NDK: WARNING:jni/Android.mk:detection_based_tracker: non-system libraries in linker flags: -lopencv_java    
Android NDK:     This is likely to result in incorrect builds. Try using LOCAL_STATIC_LIBRARIES    
Android NDK:     or LOCAL_SHARED_LIBRARIES instead to list the library dependencies of the    
Android NDK:     current module    
[armeabi] Install        : libdetection_based_tracker.so => libs/armeabi/libdetection_based_tracker.so

**** Build Finished ****

**** Build of configuration Default for project OpenCV Sample - face-detection ****

/home/prasad/Desktop/adt-bundle-linux-x86_64-20131030/ndk/ndk-build 
Android NDK: WARNING:jni/Android.mk:detection_based_tracker: non-system libraries in linker flags: -lopencv_java    
Android NDK:     This is likely to result in incorrect builds. Try using LOCAL_STATIC_LIBRARIES    
Android NDK:     or LOCAL_SHARED_LIBRARIES instead to list the library dependencies of the    
Android NDK:     current module    
[armeabi] Install        : libdetection_based_tracker.so => libs/armeabi/libdetection_based_tracker.so

**** Build Finished ****

**** Build of configuration Default for project OpenCV Sample - face-detection ****

/home/prasad/Desktop/adt-bundle-linux-x86_64-20131030/ndk/ndk-build 
Android NDK: WARNING:jni/Android.mk:detection_based_tracker: non-system libraries in linker flags: -lopencv_java    
Android NDK:     This is likely to result in incorrect builds. Try using LOCAL_STATIC_LIBRARIES    
Android NDK:     or LOCAL_SHARED_LIBRARIES instead to list the library dependencies of the    
Android NDK:     current module    
[armeabi] Install        : libdetection_based_tracker.so => libs/armeabi/libdetection_based_tracker.so

**** Build Finished ****

**** Build of configuration Default for project OpenCV Sample - face-detection ****

/home/prasad/Desktop/adt-bundle-linux-x86_64-20131030/ndk/ndk-build 
Android NDK: WARNING:jni/Android.mk:detection_based_tracker: non-system libraries in linker flags: -lopencv_java    
Android NDK:     This is likely to result in incorrect builds. Try using LOCAL_STATIC_LIBRARIES    
Android NDK:     or LOCAL_SHARED_LIBRARIES instead to list the library dependencies of the    
Android NDK:     current module    
[armeabi] Install        : libdetection_based_tracker.so => libs/armeabi/libdetection_based_tracker.so

**** Build Finished ****

**** Build of configuration Default for project OpenCV Sample - face-detection ****

/home/prasad/Desktop/adt-bundle-linux-x86_64-20131030/ndk/ndk-build 
Android NDK: WARNING:jni/Android.mk:detection_based_tracker: non-system libraries in linker flags: -lopencv_java    
Android NDK:     This is likely to result in incorrect builds. Try using LOCAL_STATIC_LIBRARIES    
Android NDK:     or LOCAL_SHARED_LIBRARIES instead to list the library dependencies of the    
Android NDK:     current module    
[armeabi] Install        : libdetection_based_tracker.so => libs/armeabi/libdetection_based_tracker.so

**** Build Finished ****

**** Build of configuration Default for project OpenCV Sample - face-detection ****

/home/prasad/Desktop/adt-bundle-linux-x86_64-20131030/ndk/ndk-build 
Android NDK: WARNING:jni/Android.mk:detection_based_tracker: non-system libraries in linker flags: -lopencv_java    
Android NDK:     This is likely to result in incorrect builds. Try using LOCAL_STATIC_LIBRARIES    
Android NDK:     or LOCAL_SHARED_LIBRARIES instead to list the library dependencies of the    
Android NDK:     current module    
[armeabi] Install        : libdetection_based_tracker.so => libs/armeabi/libdetection_based_tracker.so

**** Build Finished ****

**** Build of configuration Default for project OpenCV Sample - face-detection ****

/home/prasad/Desktop/adt-bundle-linux-x86_64-20131030/ndk/ndk-build 
Android NDK: WARNING:jni/Android.mk:detection_based_tracker: non-system libraries in linker flags: -lopencv_java    
Android NDK:     This is likely to result in incorrect builds. Try using LOCAL_STATIC_LIBRARIES    
Android NDK:     or LOCAL_SHARED_LIBRARIES instead to list the library dependencies of the    
Android NDK:     current module    
[armeabi] Install        : libdetection_based_tracker.so => libs/armeabi/libdetection_based_tracker.so

**** Build Finished ****

**** Build of configuration Default for project OpenCV Sample - face-detection ****

/home/prasad/Desktop/adt-bundle-linux-x86_64-20131030/ndk/ndk-build 
Android NDK: WARNING:jni/Android.mk:detection_based_tracker: non-system libraries in linker flags: -lopencv_java    
Android NDK:     This is likely to result in incorrect builds. Try using LOCAL_STATIC_LIBRARIES    
Android NDK:     or LOCAL_SHARED_LIBRARIES instead to list the library dependencies of the    
Android NDK:     current module    
[armeabi] Install        : libdetection_based_tracker.so => libs/armeabi/libdetection_based_tracker.so

**** Build Finished ****

**** Build of configuration Default for project OpenCV Sample - face-detection ****

/home/prasad/Desktop/adt-bundle-linux-x86_64-20131030/ndk/ndk-build 
Android NDK: WARNING:jni/Android.mk:detection_based_tracker: non-system libraries in linker flags: -lopencv_java    
Android NDK:     This is likely to result in incorrect builds. Try using LOCAL_STATIC_LIBRARIES    
Android NDK:     or LOCAL_SHARED_LIBRARIES instead to list the library dependencies of the    
Android NDK:     current module    
[armeabi] Install        : libdetection_based_tracker.so => libs/armeabi/libdetection_based_tracker.so

**** Build Finished ****

**** Build of configuration Default for project OpenCV Sample - face-detection ****

/home/prasad/Desktop/adt-bundle-linux-x86_64-20131030/ndk/ndk-build 
Android NDK: WARNING:jni/Android.mk:detection_based_tracker: non-system libraries in linker flags: -lopencv_java    
Android NDK:     This is likely to result in incorrect builds. Try using LOCAL_STATIC_LIBRARIES    
Android NDK:     or LOCAL_SHARED_LIBRARIES instead to list the library dependencies of the    
Android NDK:     current module    
[armeabi] Install        : libdetection_based_tracker.so => libs/armeabi/libdetection_based_tracker.so

**** Build Finished ****

**** Build of configuration Default for project OpenCV Sample - face-detection ****

/home/prasad/Desktop/adt-bundle-linux-x86_64-20131030/ndk/ndk-build 
Android NDK: WARNING:jni/Android.mk:detection_based_tracker: non-system libraries in linker flags: -lopencv_java    
Android NDK:     This is likely to result in incorrect builds. Try using LOCAL_STATIC_LIBRARIES    
Android NDK:     or LOCAL_SHARED_LIBRARIES instead to list the library dependencies of the    
Android NDK:     current module    
[armeabi] Install        : libdetection_based_tracker.so => libs/armeabi/libdetection_based_tracker.so

**** Build Finished ****

**** Build of configuration Default for project OpenCV Sample - face-detection ****

/home/prasad/Desktop/adt-bundle-linux-x86_64-20131030/ndk/ndk-build 
Android NDK: WARNING:jni/Android.mk:detection_based_tracker: non-system libraries in linker flags: -lopencv_java    
Android NDK:     This is likely to result in incorrect builds. Try using LOCAL_STATIC_LIBRARIES    
Android NDK:     or LOCAL_SHARED_LIBRARIES instead to list the library dependencies of the    
Android NDK:     current module    
[armeabi] Install        : libdetection_based_tracker.so => libs/armeabi/libdetection_based_tracker.so

**** Build Finished ****

**** Build of configuration Default for project OpenCV Sample - face-detection ****

/home/prasad/Desktop/adt-bundle-linux-x86_64-20131030/ndk/ndk-build 
Android NDK: WARNING:jni/Android.mk:detection_based_tracker: non-system libraries in linker flags: -lopencv_java    
Android NDK:     This is likely to result in incorrect builds. Try using LOCAL_STATIC_LIBRARIES    
Android NDK:     or LOCAL_SHARED_LIBRARIES instead to list the library dependencies of the    
Android NDK:     current module    
[armeabi] Install        : libdetection_based_tracker.so => libs/armeabi/libdetection_based_tracker.so

**** Build Finished ****

**** Build of configuration Default for project OpenCV Sample - face-detection ****

/home/prasad/Desktop/adt-bundle-linux-x86_64-20131030/ndk/ndk-build 
Android NDK: WARNING:jni/Android.mk:detection_based_tracker: non-system libraries in linker flags: -lopencv_java    
Android NDK:     This is likely to result in incorrect builds. Try using LOCAL_STATIC_LIBRARIES    
Android NDK:     or LOCAL_SHARED_LIBRARIES instead to list the library dependencies of the    
Android NDK:     current module    
[armeabi] Install        : libdetection_based_tracker.so => libs/armeabi/libdetection_based_tracker.so

**** Build Finished ****

**** Build of configuration Default for project OpenCV Sample - face-detection ****

/home/prasad/Desktop/adt-bundle-linux-x86_64-20131030/ndk/ndk-build 
Android NDK: WARNING:jni/Android.mk:detection_based_tracker: non-system libraries in linker flags: -lopencv_java    
Android NDK:     This is likely to result in incorrect builds. Try using LOCAL_STATIC_LIBRARIES    
Android NDK:     or LOCAL_SHARED_LIBRARIES instead to list the library dependencies of the    
Android NDK:     current module    
[armeabi] Install        : libdetection_based_tracker.so => libs/armeabi/libdetection_based_tracker.so

**** Build Finished ****

**** Build of configuration Default for project OpenCV Sample - face-detection ****

/home/prasad/Desktop/adt-bundle-linux-x86_64-20131030/ndk/ndk-build 
Android NDK: WARNING:jni/Android.mk:detection_based_tracker: non-system libraries in linker flags: -lopencv_java    
Android NDK:     This is likely to result in incorrect builds. Try using LOCAL_STATIC_LIBRARIES    
Android NDK:     or LOCAL_SHARED_LIBRARIES instead to list the library dependencies of the    
Android NDK:     current module    
[armeabi] Install        : libdetection_based_tracker.so => libs/armeabi/libdetection_based_tracker.so

**** Build Finished ****

**** Build of configuration Default for project OpenCV Sample - face-detection ****

/home/prasad/Desktop/adt-bundle-linux-x86_64-20131030/ndk/ndk-build 
Android NDK: WARNING:jni/Android.mk:detection_based_tracker: non-system libraries in linker flags: -lopencv_java    
Android NDK:     This is likely to result in incorrect builds. Try using LOCAL_STATIC_LIBRARIES    
Android NDK:     or LOCAL_SHARED_LIBRARIES instead to list the library dependencies of the    
Android NDK:     current module    
[armeabi] Install        : libdetection_based_tracker.so => libs/armeabi/libdetection_based_tracker.so

**** Build Finished ****

**** Build of configuration Default for project OpenCV Sample - face-detection ****

/home/prasad/Desktop/adt-bundle-linux-x86_64-20131030/ndk/ndk-build 
Android NDK: WARNING:jni/Android.mk:detection_based_tracker: non-system libraries in linker flags: -lopencv_java    
Android NDK:     This is likely to result in incorrect builds. Try using LOCAL_STATIC_LIBRARIES    
Android NDK:     or LOCAL_SHARED_LIBRARIES instead to list the library dependencies of the    
Android NDK:     current module    
[armeabi] Install        : libdetection_based_tracker.so => libs/armeabi/libdetection_based_tracker.so

**** Build Finished ****

**** Build of configuration Default for project OpenCV Sample - face-detection ****

/home/prasad/Desktop/adt-bundle-linux-x86_64-20131030/ndk/ndk-build 
Android NDK: WARNING:jni/Android.mk:detection_based_tracker: non-system libraries in linker flags: -lopencv_java    
Android NDK:     This is likely to result in incorrect builds. Try using LOCAL_STATIC_LIBRARIES    
Android NDK:     or LOCAL_SHARED_LIBRARIES instead to list the library dependencies of the    
Android NDK:     current module    
[armeabi] Install        : libdetection_based_tracker.so => libs/armeabi/libdetection_based_tracker.so

**** Build Finished ****

**** Build of configuration Default for project OpenCV Sample - face-detection ****

/home/prasad/Desktop/adt-bundle-linux-x86_64-20131030/ndk/ndk-build 
Android NDK: WARNING:jni/Android.mk:detection_based_tracker: non-system libraries in linker flags: -lopencv_java    
Android NDK:     This is likely to result in incorrect builds. Try using LOCAL_STATIC_LIBRARIES    
Android NDK:     or LOCAL_SHARED_LIBRARIES instead to list the library dependencies of the    
Android NDK:     current module    
[armeabi] Install        : libdetection_based_tracker.so => libs/armeabi/libdetection_based_tracker.so

**** Build Finished ****

**** Build of configuration Default for project OpenCV Sample - face-detection ****

/home/prasad/Desktop/adt-bundle-linux-x86_64-20131030/ndk/ndk-build 
Android NDK: WARNING:jni/Android.mk:detection_based_tracker: non-system libraries in linker flags: -lopencv_java    
Android NDK:     This is likely to result in incorrect builds. Try using LOCAL_STATIC_LIBRARIES    
Android NDK:     or LOCAL_SHARED_LIBRARIES instead to list the library dependencies of the    
Android NDK:     current module    
[armeabi] Install        : libdetection_based_tracker.so => libs/armeabi/libdetection_based_tracker.so

**** Build Finished ****

**** Build of configuration Default for project OpenCV Sample - face-detection ****

/home/prasad/Desktop/adt-bundle-linux-x86_64-20131030/ndk/ndk-build 
Android NDK: WARNING:jni/Android.mk:detection_based_tracker: non-system libraries in linker flags: -lopencv_java    
Android NDK:     This is likely to result in incorrect builds. Try using LOCAL_STATIC_LIBRARIES    
Android NDK:     or LOCAL_SHARED_LIBRARIES instead to list the library dependencies of the    
Android NDK:     current module    
[armeabi] Install        : libdetection_based_tracker.so => libs/armeabi/libdetection_based_tracker.so

**** Build Finished ****

**** Build of configuration Default for project OpenCV Sample - face-detection ****

/home/prasad/Desktop/adt-bundle-linux-x86_64-20131030/ndk/ndk-build 
Android NDK: WARNING:jni/Android.mk:detection_based_tracker: non-system libraries in linker flags: -lopencv_java    
Android NDK:     This is likely to result in incorrect builds. Try using LOCAL_STATIC_LIBRARIES    
Android NDK:     or LOCAL_SHARED_LIBRARIES instead to list the library dependencies of the    
Android NDK:     current module    
[armeabi] Install        : libdetection_based_tracker.so => libs/armeabi/libdetection_based_tracker.so

**** Build Finished ****

**** Build of configuration Default for project OpenCV Sample - face-detection ****

/home/prasad/Desktop/adt-bundle-linux-x86_64-20131030/ndk/ndk-build 
Android NDK: WARNING:jni/Android.mk:detection_based_tracker: non-system libraries in linker flags: -lopencv_java    
Android NDK:     This is likely to result in incorrect builds. Try using LOCAL_STATIC_LIBRARIES    
Android NDK:     or LOCAL_SHARED_LIBRARIES instead to list the library dependencies of the    
Android NDK:     current module    
[armeabi] Install        : libdetection_based_tracker.so => libs/armeabi/libdetection_based_tracker.so

**** Build Finished ****

**** Build of configuration Default for project OpenCV Sample - face-detection ****

/home/prasad/Desktop/adt-bundle-linux-x86_64-20131030/ndk/ndk-build 
Android NDK: WARNING:jni/Android.mk:detection_based_tracker: non-system libraries in linker flags: -lopencv_java    
Android NDK:     This is likely to result in incorrect builds. Try using LOCAL_STATIC_LIBRARIES    
Android NDK:     or LOCAL_SHARED_LIBRARIES instead to list the library dependencies of the    
Android NDK:     current module    
[armeabi] Install        : libdetection_based_tracker.so => libs/armeabi/libdetection_based_tracker.so

**** Build Finished ****

**** Build of configuration Default for project OpenCV Sample - face-detection ****

/home/prasad/Desktop/adt-bundle-linux-x86_64-20131030/ndk/ndk-build 
Android NDK: WARNING:jni/Android.mk:detection_based_tracker: non-system libraries in linker flags: -lopencv_java    
Android NDK:     This is likely to result in incorrect builds. Try using LOCAL_STATIC_LIBRARIES    
Android NDK:     or LOCAL_SHARED_LIBRARIES instead to list the library dependencies of the    
Android NDK:     current module    
[armeabi] Install        : libdetection_based_tracker.so => libs/armeabi/libdetection_based_tracker.so

**** Build Finished ****

**** Build of configuration Default for project OpenCV Sample - face-detection ****

/home/prasad/Desktop/adt-bundle-linux-x86_64-20131030/ndk/ndk-build 
Android NDK: WARNING:jni/Android.mk:detection_based_tracker: non-system libraries in linker flags: -lopencv_java    
Android NDK:     This is likely to result in incorrect builds. Try using LOCAL_STATIC_LIBRARIES    
Android NDK:     or LOCAL_SHARED_LIBRARIES instead to list the library dependencies of the    
Android NDK:     current module    
[armeabi] Install        : libdetection_based_tracker.so => libs/armeabi/libdetection_based_tracker.so

**** Build Finished ****

**** Build of configuration Default for project OpenCV Sample - face-detection ****

/home/prasad/Desktop/adt-bundle-linux-x86_64-20131030/ndk/ndk-build 
Android NDK: WARNING:jni/Android.mk:detection_based_tracker: non-system libraries in linker flags: -lopencv_java    
Android NDK:     This is likely to result in incorrect builds. Try using LOCAL_STATIC_LIBRARIES    
Android NDK:     or LOCAL_SHARED_LIBRARIES instead to list the library dependencies of the    
Android NDK:     current module    
[armeabi] Install        : libdetection_based_tracker.so => libs/armeabi/libdetection_based_tracker.so

**** Build Finished ****

**** Build of configuration Default for project OpenCV Sample - face-detection ****

/home/prasad/Desktop/adt-bundle-linux-x86_64-20131030/ndk/ndk-build 
Android NDK: WARNING:jni/Android.mk:detection_based_tracker: non-system libraries in linker flags: -lopencv_java    
Android NDK:     This is likely to result in incorrect builds. Try using LOCAL_STATIC_LIBRARIES    
Android NDK:     or LOCAL_SHARED_LIBRARIES instead to list the library dependencies of the    
Android NDK:     current module    
[armeabi] Install        : libdetection_based_tracker.so => libs/armeabi/libdetection_based_tracker.so

**** Build Finished ****

**** Build of configuration Default for project OpenCV Sample - face-detection ****

/home/prasad/Desktop/adt-bundle-linux-x86_64-20131030/ndk/ndk-build 
Android NDK: WARNING:jni/Android.mk:detection_based_tracker: non-system libraries in linker flags: -lopencv_java    
Android NDK:     This is likely to result in incorrect builds. Try using LOCAL_STATIC_LIBRARIES    
Android NDK:     or LOCAL_SHARED_LIBRARIES instead to list the library dependencies of the    
Android NDK:     current module    
[armeabi] Install        : libdetection_based_tracker.so => libs/armeabi/libdetection_based_tracker.so

**** Build Finished ****

**** Build of configuration Default for project OpenCV Sample - face-detection ****

/home/prasad/Desktop/adt-bundle-linux-x86_64-20131030/ndk/ndk-build 
Android NDK: WARNING:jni/Android.mk:detection_based_tracker: non-system libraries in linker flags: -lopencv_java    
Android NDK:     This is likely to result in incorrect builds. Try using LOCAL_STATIC_LIBRARIES    
Android NDK:     or LOCAL_SHARED_LIBRARIES instead to list the library dependencies of the    
Android NDK:     current module    
[armeabi] Install        : libdetection_based_tracker.so => libs/armeabi/libdetection_based_tracker.so

**** Build Finished ****

**** Build of configuration Default for project OpenCV Sample - face-detection ****

/home/prasad/Desktop/adt-bundle-linux-x86_64-20131030/ndk/ndk-build 
Android NDK: WARNING:jni/Android.mk:detection_based_tracker: non-system libraries in linker flags: -lopencv_java    
Android NDK:     This is likely to result in incorrect builds. Try using LOCAL_STATIC_LIBRARIES    
Android NDK:     or LOCAL_SHARED_LIBRARIES instead to list the library dependencies of the    
Android NDK:     current module    
[armeabi] Install        : libdetection_based_tracker.so => libs/armeabi/libdetection_based_tracker.so

**** Build Finished ****

**** Build of configuration Default for project OpenCV Sample - face-detection ****

/home/prasad/Desktop/adt-bundle-linux-x86_64-20131030/ndk/ndk-build 
Android NDK: WARNING:jni/Android.mk:detection_based_tracker: non-system libraries in linker flags: -lopencv_java    
Android NDK:     This is likely to result in incorrect builds. Try using LOCAL_STATIC_LIBRARIES    
Android NDK:     or LOCAL_SHARED_LIBRARIES instead to list the library dependencies of the    
Android NDK:     current module    
[armeabi] Install        : libdetection_based_tracker.so => libs/armeabi/libdetection_based_tracker.so

**** Build Finished ****
